0 info it worked if it ends with ok
1 verbose cli [ 'C:\\Program Files\\nodejs\\node.exe',
1 verbose cli   'C:\\Program Files\\nodejs\\node_modules\\npm\\bin\\npm-cli.js',
1 verbose cli   'start' ]
2 info using npm@3.10.10
3 info using node@v6.10.0
4 verbose run-script [ 'prestart', 'start', 'poststart' ]
5 info lifecycle video-stream-sample@1.0.0~prestart: video-stream-sample@1.0.0
6 silly lifecycle video-stream-sample@1.0.0~prestart: no script for prestart, continuing
7 info lifecycle video-stream-sample@1.0.0~start: video-stream-sample@1.0.0
8 verbose lifecycle video-stream-sample@1.0.0~start: unsafe-perm in lifecycle true
9 verbose lifecycle video-stream-sample@1.0.0~start: PATH: C:\Program Files\nodejs\node_modules\npm\bin\node-gyp-bin;C:\Users\Serkan\video-stream-sample\node_modules\.bin;C:\ProgramData\Oracle\Java\javapath;C:\Program Files (x86)\Intel\iCLS Client\;C:\Program Files\Intel\iCLS Client\;C:\Windows\system32;C:\Windows;C:\Windows\System32\Wbem;C:\Windows\System32\WindowsPowerShell\v1.0\;C:\Program Files\Intel\Intel(R) Management Engine Components\DAL;C:\Program Files\Intel\Intel(R) Management Engine Components\IPT;C:\Program Files (x86)\Intel\Intel(R) Management Engine Components\DAL;C:\Program Files (x86)\Intel\Intel(R) Management Engine Components\IPT;C:\Program Files\Microsoft SQL Server\110\Tools\Binn\;C:\Program Files\Microsoft SQL Server\120\Tools\Binn\jre\bin\client;C:\Program Files (x86)\hlnt\server\cmds;C:\Program Files (x86)\hlnt\server\lib;C:\Program Files (x86)\hlnt\server\util;C:\Program Files (x86)\hlnt\server\tools;C:\WINDOWS\system32;C:\WINDOWS;C:\WINDOWS\System32\Wbem;C:\WINDOWS\System32\WindowsPowerShell\v1.0\;C:\Program Files (x86)\Windows Kits\8.1\Windows Performance Toolkit\;C:\Program Files\Git\cmd;C:\Program Files\Rust stable GNU 1.10\bin;C:\Program Files (x86)\Vagrant\bin;C:\Program Files\Microsoft SQL Server\130\Tools\Binn\;C:\Program Files\nodejs\;C:\Go\bin;C:\Users\Serkan\go\bin;C:\MinGW\bin;C:\Program Files\LLVM\bin;C:\Program Files\doxygen\bin;C:\Program Files\CMake\bin;E:\OpenCV\OpenCv\VS\install\x64\vc14\bin;C:\Program Files (x86)\Skype\Phone\;C:\Program Files (x86)\NVIDIA Corporation\PhysX\Common;C:\Program Files (x86)\sbt\bin;C:\Program Files (x86)\scala\bin;C:\Users\Serkan\AppData\Local\Programs\Python\Python36-32\Scripts\;C:\Users\Serkan\AppData\Local\Programs\Python\Python36-32\;C:\Users\Serkan\AppData\Local\Microsoft\WindowsApps;;C:\Program Files (x86)\Microsoft VS Code\bin;C:\Users\Serkan\AppData\Roaming\npm
10 verbose lifecycle video-stream-sample@1.0.0~start: CWD: C:\Users\Serkan\video-stream-sample
11 silly lifecycle video-stream-sample@1.0.0~start: Args: [ '/d /s /c', 'nodemon server.js' ]
12 silly lifecycle video-stream-sample@1.0.0~start: Returned: code: 3221225786  signal: null
13 info lifecycle video-stream-sample@1.0.0~start: Failed to exec start script
14 verbose stack Error: video-stream-sample@1.0.0 start: `nodemon server.js`
14 verbose stack Exit status 3221225786
14 verbose stack     at EventEmitter.<anonymous> (C:\Program Files\nodejs\node_modules\npm\lib\utils\lifecycle.js:255:16)
14 verbose stack     at emitTwo (events.js:106:13)
14 verbose stack     at EventEmitter.emit (events.js:191:7)
14 verbose stack     at ChildProcess.<anonymous> (C:\Program Files\nodejs\node_modules\npm\lib\utils\spawn.js:40:14)
14 verbose stack     at emitTwo (events.js:106:13)
14 verbose stack     at ChildProcess.emit (events.js:191:7)
14 verbose stack     at maybeClose (internal/child_process.js:877:16)
14 verbose stack     at Process.ChildProcess._handle.onexit (internal/child_process.js:226:5)
15 verbose pkgid video-stream-sample@1.0.0
16 verbose cwd C:\Users\Serkan\video-stream-sample
17 error Windows_NT 10.0.14393
18 error argv "C:\\Program Files\\nodejs\\node.exe" "C:\\Program Files\\nodejs\\node_modules\\npm\\bin\\npm-cli.js" "start"
19 error node v6.10.0
20 error npm  v3.10.10
21 error code ELIFECYCLE
22 error video-stream-sample@1.0.0 start: `nodemon server.js`
22 error Exit status 3221225786
23 error Failed at the video-stream-sample@1.0.0 start script 'nodemon server.js'.
23 error Make sure you have the latest version of node.js and npm installed.
23 error If you do, this is most likely a problem with the video-stream-sample package,
23 error not with npm itself.
23 error Tell the author that this fails on your system:
23 error     nodemon server.js
23 error You can get information on how to open an issue for this project with:
23 error     npm bugs video-stream-sample
23 error Or if that isn't available, you can get their info via:
23 error     npm owner ls video-stream-sample
23 error There is likely additional logging output above.
24 verbose exit [ 1, true ]
